2024-05-09T01:02:46.426+0800	ERROR	cache/disk_cache.go:193	read Config Content failed. cause file doesn't exist, file path: /home/chenshone/stu/star_mall/backend/temp/nacos/cache/config/user-web@@dev@@b85db2f6-38e9-4f72-92e0-deaff56362d9_failover.
2024-05-09T01:02:46.426+0800	DEBUG	rpc/rpc_client.go:290	config-0-cbc39dbc-37b5-4eef-8b00-075355897154 register server push request:ConfigChangeNotifyRequest handler:ConfigChangeNotifyRequestHandler
2024-05-09T01:02:46.426+0800	DEBUG	rpc/rpc_client.go:290	config-0-cbc39dbc-37b5-4eef-8b00-075355897154 register server push request:ConnectResetRequest handler:ConnectResetRequestHandler
2024-05-09T01:02:46.426+0800	DEBUG	rpc/rpc_client.go:290	config-0-cbc39dbc-37b5-4eef-8b00-075355897154 register server push request:ClientDetectionRequest handler:ClientDetectionRequestHandler
2024-05-09T01:02:46.426+0800	INFO	rpc/rpc_client.go:224	[RpcClient.Start] config-0-cbc39dbc-37b5-4eef-8b00-075355897154 try to connect to server on start up, server: {serverIp:127.0.0.1 serverPort:8848 serverGrpcPort:9848}
2024-05-09T01:02:46.448+0800	INFO	util/common.go:96	Local IP:192.168.10.10
2024-05-09T01:02:46.448+0800	WARN	rpc/rpc_client.go:226	[RpcClient.Start] config-0-cbc39dbc-37b5-4eef-8b00-075355897154 fail to connect to server on start up, error message=server check request failed , err:rpc error: code = Unavailable desc = connection error: desc = "transport: Error while dialing: dial tcp 127.0.0.1:9848: connect: connection refused", start up retry times left=2
2024-05-09T01:02:46.448+0800	INFO	rpc/rpc_client.go:224	[RpcClient.Start] config-0-cbc39dbc-37b5-4eef-8b00-075355897154 try to connect to server on start up, server: {serverIp:127.0.0.1 serverPort:8848 serverGrpcPort:9848}
2024-05-09T01:02:46.449+0800	WARN	rpc/rpc_client.go:226	[RpcClient.Start] config-0-cbc39dbc-37b5-4eef-8b00-075355897154 fail to connect to server on start up, error message=server check request failed , err:rpc error: code = Unavailable desc = connection error: desc = "transport: Error while dialing: dial tcp 127.0.0.1:9848: connect: connection refused", start up retry times left=1
2024-05-09T01:02:46.449+0800	INFO	rpc/rpc_client.go:224	[RpcClient.Start] config-0-cbc39dbc-37b5-4eef-8b00-075355897154 try to connect to server on start up, server: {serverIp:127.0.0.1 serverPort:8848 serverGrpcPort:9848}
2024-05-09T01:02:46.450+0800	WARN	rpc/rpc_client.go:226	[RpcClient.Start] config-0-cbc39dbc-37b5-4eef-8b00-075355897154 fail to connect to server on start up, error message=server check request failed , err:rpc error: code = Unavailable desc = connection error: desc = "transport: Error while dialing: dial tcp 127.0.0.1:9848: connect: connection refused", start up retry times left=0
2024-05-09T01:02:46.450+0800	ERROR	rpc/rpc_client.go:525	Send request fail, request=ConfigQueryRequest, body={"requestId":"","group":"dev","dataId":"user-web","tenant":"b85db2f6-38e9-4f72-92e0-deaff56362d9","module":"config","tag":""}, retryTimes=0, error=client not connected, current status:STARTING
github.com/nacos-group/nacos-sdk-go/v2/common/remote/rpc.(*RpcClient).Request
	/home/chenshone/go/pkg/mod/github.com/nacos-group/nacos-sdk-go/v2@v2.2.5/common/remote/rpc/rpc_client.go:487
github.com/nacos-group/nacos-sdk-go/v2/clients/config_client.(*ConfigProxy).requestProxy
	/home/chenshone/go/pkg/mod/github.com/nacos-group/nacos-sdk-go/v2@v2.2.5/clients/config_client/config_proxy.go:64
github.com/nacos-group/nacos-sdk-go/v2/clients/config_client.(*ConfigProxy).queryConfig
	/home/chenshone/go/pkg/mod/github.com/nacos-group/nacos-sdk-go/v2@v2.2.5/clients/config_client/config_proxy.go:116
github.com/nacos-group/nacos-sdk-go/v2/clients/config_client.(*ConfigClient).getConfigInner
	/home/chenshone/go/pkg/mod/github.com/nacos-group/nacos-sdk-go/v2@v2.2.5/clients/config_client/config_client.go:192
github.com/nacos-group/nacos-sdk-go/v2/clients/config_client.(*ConfigClient).GetConfig
	/home/chenshone/go/pkg/mod/github.com/nacos-group/nacos-sdk-go/v2@v2.2.5/clients/config_client/config_client.go:160
star_mall_api/user-web/initialize.InitConfig
	/home/chenshone/stu/star_mall/backend/user-web/initialize/config.go:74
main.main
	/home/chenshone/stu/star_mall/backend/user-web/main.go:21
runtime.main
	/usr/local/go/src/runtime/proc.go:267
runtime.goexit
	/usr/local/go/src/runtime/asm_amd64.s:1650
2024-05-09T01:02:46.450+0800	INFO	rpc/rpc_client.go:322	config-0-cbc39dbc-37b5-4eef-8b00-075355897154 try to re connect to a new server, server is not appointed, will choose a random server.
2024-05-09T01:02:46.451+0800	WARN	rpc/rpc_client.go:353	config-0-cbc39dbc-37b5-4eef-8b00-075355897154 fail to connect server, after trying 1 times, last try server is {serverIp:127.0.0.1 serverPort:8848 serverGrpcPort:9848}, error=server check request failed , err:rpc error: code = Unavailable desc = connection error: desc = "transport: Error while dialing: dial tcp 127.0.0.1:9848: connect: connection refused"
2024-05-09T01:02:46.551+0800	ERROR	rpc/rpc_client.go:525	Send request fail, request=ConfigQueryRequest, body={"requestId":"","group":"dev","dataId":"user-web","tenant":"b85db2f6-38e9-4f72-92e0-deaff56362d9","module":"config","tag":""}, retryTimes=1, error=client not connected, current status:STARTING
github.com/nacos-group/nacos-sdk-go/v2/common/remote/rpc.(*RpcClient).Request
	/home/chenshone/go/pkg/mod/github.com/nacos-group/nacos-sdk-go/v2@v2.2.5/common/remote/rpc/rpc_client.go:487
github.com/nacos-group/nacos-sdk-go/v2/clients/config_client.(*ConfigProxy).requestProxy
	/home/chenshone/go/pkg/mod/github.com/nacos-group/nacos-sdk-go/v2@v2.2.5/clients/config_client/config_proxy.go:64
github.com/nacos-group/nacos-sdk-go/v2/clients/config_client.(*ConfigProxy).queryConfig
	/home/chenshone/go/pkg/mod/github.com/nacos-group/nacos-sdk-go/v2@v2.2.5/clients/config_client/config_proxy.go:116
github.com/nacos-group/nacos-sdk-go/v2/clients/config_client.(*ConfigClient).getConfigInner
	/home/chenshone/go/pkg/mod/github.com/nacos-group/nacos-sdk-go/v2@v2.2.5/clients/config_client/config_client.go:192
github.com/nacos-group/nacos-sdk-go/v2/clients/config_client.(*ConfigClient).GetConfig
	/home/chenshone/go/pkg/mod/github.com/nacos-group/nacos-sdk-go/v2@v2.2.5/clients/config_client/config_client.go:160
star_mall_api/user-web/initialize.InitConfig
	/home/chenshone/stu/star_mall/backend/user-web/initialize/config.go:74
main.main
	/home/chenshone/stu/star_mall/backend/user-web/main.go:21
runtime.main
	/usr/local/go/src/runtime/proc.go:267
runtime.goexit
	/usr/local/go/src/runtime/asm_amd64.s:1650
2024-05-09T01:02:46.551+0800	WARN	rpc/rpc_client.go:353	config-0-cbc39dbc-37b5-4eef-8b00-075355897154 fail to connect server, after trying 2 times, last try server is {serverIp:127.0.0.1 serverPort:8848 serverGrpcPort:9848}, error=server check request failed , err:rpc error: code = Unavailable desc = connection error: desc = "transport: Error while dialing: dial tcp 127.0.0.1:9848: connect: connection refused"
2024-05-09T01:02:46.652+0800	ERROR	rpc/rpc_client.go:525	Send request fail, request=ConfigQueryRequest, body={"requestId":"","group":"dev","dataId":"user-web","tenant":"b85db2f6-38e9-4f72-92e0-deaff56362d9","module":"config","tag":""}, retryTimes=2, error=client not connected, current status:STARTING
github.com/nacos-group/nacos-sdk-go/v2/common/remote/rpc.(*RpcClient).Request
	/home/chenshone/go/pkg/mod/github.com/nacos-group/nacos-sdk-go/v2@v2.2.5/common/remote/rpc/rpc_client.go:487
github.com/nacos-group/nacos-sdk-go/v2/clients/config_client.(*ConfigProxy).requestProxy
	/home/chenshone/go/pkg/mod/github.com/nacos-group/nacos-sdk-go/v2@v2.2.5/clients/config_client/config_proxy.go:64
github.com/nacos-group/nacos-sdk-go/v2/clients/config_client.(*ConfigProxy).queryConfig
	/home/chenshone/go/pkg/mod/github.com/nacos-group/nacos-sdk-go/v2@v2.2.5/clients/config_client/config_proxy.go:116
github.com/nacos-group/nacos-sdk-go/v2/clients/config_client.(*ConfigClient).getConfigInner
	/home/chenshone/go/pkg/mod/github.com/nacos-group/nacos-sdk-go/v2@v2.2.5/clients/config_client/config_client.go:192
github.com/nacos-group/nacos-sdk-go/v2/clients/config_client.(*ConfigClient).GetConfig
	/home/chenshone/go/pkg/mod/github.com/nacos-group/nacos-sdk-go/v2@v2.2.5/clients/config_client/config_client.go:160
star_mall_api/user-web/initialize.InitConfig
	/home/chenshone/stu/star_mall/backend/user-web/initialize/config.go:74
main.main
	/home/chenshone/stu/star_mall/backend/user-web/main.go:21
runtime.main
	/usr/local/go/src/runtime/proc.go:267
runtime.goexit
	/usr/local/go/src/runtime/asm_amd64.s:1650
2024-05-09T01:02:46.752+0800	ERROR	config_client/config_client.go:195	get config from server error:client not connected, current status:STARTING, dataId=user-web, group=dev, namespaceId=b85db2f6-38e9-4f72-92e0-deaff56362d9
2024-05-09T01:05:10.750+0800	ERROR	cache/disk_cache.go:193	read Config Content failed. cause file doesn't exist, file path: /home/chenshone/stu/star_mall/backend/temp/nacos/cache/config/user-web@@dev@@b85db2f6-38e9-4f72-92e0-deaff56362d9_failover.
2024-05-09T01:05:10.751+0800	DEBUG	rpc/rpc_client.go:290	config-0-b2b3d15d-6904-4d7b-a27e-bd503db0e635 register server push request:ConfigChangeNotifyRequest handler:ConfigChangeNotifyRequestHandler
2024-05-09T01:05:10.751+0800	DEBUG	rpc/rpc_client.go:290	config-0-b2b3d15d-6904-4d7b-a27e-bd503db0e635 register server push request:ConnectResetRequest handler:ConnectResetRequestHandler
2024-05-09T01:05:10.751+0800	DEBUG	rpc/rpc_client.go:290	config-0-b2b3d15d-6904-4d7b-a27e-bd503db0e635 register server push request:ClientDetectionRequest handler:ClientDetectionRequestHandler
2024-05-09T01:05:10.751+0800	INFO	rpc/rpc_client.go:224	[RpcClient.Start] config-0-b2b3d15d-6904-4d7b-a27e-bd503db0e635 try to connect to server on start up, server: {serverIp:127.0.0.1 serverPort:8848 serverGrpcPort:9848}
2024-05-09T01:05:10.772+0800	INFO	util/common.go:96	Local IP:192.168.10.10
2024-05-09T01:05:10.773+0800	WARN	rpc/rpc_client.go:226	[RpcClient.Start] config-0-b2b3d15d-6904-4d7b-a27e-bd503db0e635 fail to connect to server on start up, error message=server check request failed , err:rpc error: code = Unavailable desc = connection error: desc = "transport: Error while dialing: dial tcp 127.0.0.1:9848: connect: connection refused", start up retry times left=2
2024-05-09T01:05:10.773+0800	INFO	rpc/rpc_client.go:224	[RpcClient.Start] config-0-b2b3d15d-6904-4d7b-a27e-bd503db0e635 try to connect to server on start up, server: {serverIp:127.0.0.1 serverPort:8848 serverGrpcPort:9848}
2024-05-09T01:05:10.774+0800	WARN	rpc/rpc_client.go:226	[RpcClient.Start] config-0-b2b3d15d-6904-4d7b-a27e-bd503db0e635 fail to connect to server on start up, error message=server check request failed , err:rpc error: code = Unavailable desc = connection error: desc = "transport: Error while dialing: dial tcp 127.0.0.1:9848: connect: connection refused", start up retry times left=1
2024-05-09T01:05:10.774+0800	INFO	rpc/rpc_client.go:224	[RpcClient.Start] config-0-b2b3d15d-6904-4d7b-a27e-bd503db0e635 try to connect to server on start up, server: {serverIp:127.0.0.1 serverPort:8848 serverGrpcPort:9848}
2024-05-09T01:05:10.775+0800	WARN	rpc/rpc_client.go:226	[RpcClient.Start] config-0-b2b3d15d-6904-4d7b-a27e-bd503db0e635 fail to connect to server on start up, error message=server check request failed , err:rpc error: code = Unavailable desc = connection error: desc = "transport: Error while dialing: dial tcp 127.0.0.1:9848: connect: connection refused", start up retry times left=0
2024-05-09T01:05:10.775+0800	ERROR	rpc/rpc_client.go:525	Send request fail, request=ConfigQueryRequest, body={"requestId":"","group":"dev","dataId":"user-web","tenant":"b85db2f6-38e9-4f72-92e0-deaff56362d9","module":"config","tag":""}, retryTimes=0, error=client not connected, current status:STARTING
github.com/nacos-group/nacos-sdk-go/v2/common/remote/rpc.(*RpcClient).Request
	/home/chenshone/go/pkg/mod/github.com/nacos-group/nacos-sdk-go/v2@v2.2.5/common/remote/rpc/rpc_client.go:487
github.com/nacos-group/nacos-sdk-go/v2/clients/config_client.(*ConfigProxy).requestProxy
	/home/chenshone/go/pkg/mod/github.com/nacos-group/nacos-sdk-go/v2@v2.2.5/clients/config_client/config_proxy.go:64
github.com/nacos-group/nacos-sdk-go/v2/clients/config_client.(*ConfigProxy).queryConfig
	/home/chenshone/go/pkg/mod/github.com/nacos-group/nacos-sdk-go/v2@v2.2.5/clients/config_client/config_proxy.go:116
github.com/nacos-group/nacos-sdk-go/v2/clients/config_client.(*ConfigClient).getConfigInner
	/home/chenshone/go/pkg/mod/github.com/nacos-group/nacos-sdk-go/v2@v2.2.5/clients/config_client/config_client.go:192
github.com/nacos-group/nacos-sdk-go/v2/clients/config_client.(*ConfigClient).GetConfig
	/home/chenshone/go/pkg/mod/github.com/nacos-group/nacos-sdk-go/v2@v2.2.5/clients/config_client/config_client.go:160
star_mall_api/user-web/initialize.InitConfig
	/home/chenshone/stu/star_mall/backend/user-web/initialize/config.go:74
main.main
	/home/chenshone/stu/star_mall/backend/user-web/main.go:21
runtime.main
	/usr/local/go/src/runtime/proc.go:267
runtime.goexit
	/usr/local/go/src/runtime/asm_amd64.s:1650
2024-05-09T01:05:10.775+0800	INFO	rpc/rpc_client.go:322	config-0-b2b3d15d-6904-4d7b-a27e-bd503db0e635 try to re connect to a new server, server is not appointed, will choose a random server.
2024-05-09T01:05:10.776+0800	WARN	rpc/rpc_client.go:353	config-0-b2b3d15d-6904-4d7b-a27e-bd503db0e635 fail to connect server, after trying 1 times, last try server is {serverIp:127.0.0.1 serverPort:8848 serverGrpcPort:9848}, error=server check request failed , err:rpc error: code = Unavailable desc = connection error: desc = "transport: Error while dialing: dial tcp 127.0.0.1:9848: connect: connection refused"
2024-05-09T01:05:10.876+0800	ERROR	rpc/rpc_client.go:525	Send request fail, request=ConfigQueryRequest, body={"requestId":"","group":"dev","dataId":"user-web","tenant":"b85db2f6-38e9-4f72-92e0-deaff56362d9","module":"config","tag":""}, retryTimes=1, error=client not connected, current status:STARTING
github.com/nacos-group/nacos-sdk-go/v2/common/remote/rpc.(*RpcClient).Request
	/home/chenshone/go/pkg/mod/github.com/nacos-group/nacos-sdk-go/v2@v2.2.5/common/remote/rpc/rpc_client.go:487
github.com/nacos-group/nacos-sdk-go/v2/clients/config_client.(*ConfigProxy).requestProxy
	/home/chenshone/go/pkg/mod/github.com/nacos-group/nacos-sdk-go/v2@v2.2.5/clients/config_client/config_proxy.go:64
github.com/nacos-group/nacos-sdk-go/v2/clients/config_client.(*ConfigProxy).queryConfig
	/home/chenshone/go/pkg/mod/github.com/nacos-group/nacos-sdk-go/v2@v2.2.5/clients/config_client/config_proxy.go:116
github.com/nacos-group/nacos-sdk-go/v2/clients/config_client.(*ConfigClient).getConfigInner
	/home/chenshone/go/pkg/mod/github.com/nacos-group/nacos-sdk-go/v2@v2.2.5/clients/config_client/config_client.go:192
github.com/nacos-group/nacos-sdk-go/v2/clients/config_client.(*ConfigClient).GetConfig
	/home/chenshone/go/pkg/mod/github.com/nacos-group/nacos-sdk-go/v2@v2.2.5/clients/config_client/config_client.go:160
star_mall_api/user-web/initialize.InitConfig
	/home/chenshone/stu/star_mall/backend/user-web/initialize/config.go:74
main.main
	/home/chenshone/stu/star_mall/backend/user-web/main.go:21
runtime.main
	/usr/local/go/src/runtime/proc.go:267
runtime.goexit
	/usr/local/go/src/runtime/asm_amd64.s:1650
2024-05-09T01:05:10.876+0800	WARN	rpc/rpc_client.go:353	config-0-b2b3d15d-6904-4d7b-a27e-bd503db0e635 fail to connect server, after trying 2 times, last try server is {serverIp:127.0.0.1 serverPort:8848 serverGrpcPort:9848}, error=server check request failed , err:rpc error: code = Unavailable desc = connection error: desc = "transport: Error while dialing: dial tcp 127.0.0.1:9848: connect: connection refused"
2024-05-09T01:05:10.977+0800	ERROR	rpc/rpc_client.go:525	Send request fail, request=ConfigQueryRequest, body={"requestId":"","group":"dev","dataId":"user-web","tenant":"b85db2f6-38e9-4f72-92e0-deaff56362d9","module":"config","tag":""}, retryTimes=2, error=client not connected, current status:STARTING
github.com/nacos-group/nacos-sdk-go/v2/common/remote/rpc.(*RpcClient).Request
	/home/chenshone/go/pkg/mod/github.com/nacos-group/nacos-sdk-go/v2@v2.2.5/common/remote/rpc/rpc_client.go:487
github.com/nacos-group/nacos-sdk-go/v2/clients/config_client.(*ConfigProxy).requestProxy
	/home/chenshone/go/pkg/mod/github.com/nacos-group/nacos-sdk-go/v2@v2.2.5/clients/config_client/config_proxy.go:64
github.com/nacos-group/nacos-sdk-go/v2/clients/config_client.(*ConfigProxy).queryConfig
	/home/chenshone/go/pkg/mod/github.com/nacos-group/nacos-sdk-go/v2@v2.2.5/clients/config_client/config_proxy.go:116
github.com/nacos-group/nacos-sdk-go/v2/clients/config_client.(*ConfigClient).getConfigInner
	/home/chenshone/go/pkg/mod/github.com/nacos-group/nacos-sdk-go/v2@v2.2.5/clients/config_client/config_client.go:192
github.com/nacos-group/nacos-sdk-go/v2/clients/config_client.(*ConfigClient).GetConfig
	/home/chenshone/go/pkg/mod/github.com/nacos-group/nacos-sdk-go/v2@v2.2.5/clients/config_client/config_client.go:160
star_mall_api/user-web/initialize.InitConfig
	/home/chenshone/stu/star_mall/backend/user-web/initialize/config.go:74
main.main
	/home/chenshone/stu/star_mall/backend/user-web/main.go:21
runtime.main
	/usr/local/go/src/runtime/proc.go:267
runtime.goexit
	/usr/local/go/src/runtime/asm_amd64.s:1650
2024-05-09T01:05:11.077+0800	ERROR	config_client/config_client.go:195	get config from server error:client not connected, current status:STARTING, dataId=user-web, group=dev, namespaceId=b85db2f6-38e9-4f72-92e0-deaff56362d9
2024-05-09T01:08:32.024+0800	ERROR	cache/disk_cache.go:193	read Config Content failed. cause file doesn't exist, file path: /home/chenshone/stu/star_mall/backend/temp/nacos/cache/config/user-web@@dev@@b85db2f6-38e9-4f72-92e0-deaff56362d9_failover.
2024-05-09T01:08:32.024+0800	DEBUG	rpc/rpc_client.go:290	config-0-546b332f-5d19-4526-ade3-bf1c80457109 register server push request:ConfigChangeNotifyRequest handler:ConfigChangeNotifyRequestHandler
2024-05-09T01:08:32.024+0800	DEBUG	rpc/rpc_client.go:290	config-0-546b332f-5d19-4526-ade3-bf1c80457109 register server push request:ConnectResetRequest handler:ConnectResetRequestHandler
2024-05-09T01:08:32.024+0800	DEBUG	rpc/rpc_client.go:290	config-0-546b332f-5d19-4526-ade3-bf1c80457109 register server push request:ClientDetectionRequest handler:ClientDetectionRequestHandler
2024-05-09T01:08:32.024+0800	INFO	rpc/rpc_client.go:224	[RpcClient.Start] config-0-546b332f-5d19-4526-ade3-bf1c80457109 try to connect to server on start up, server: {serverIp:127.0.0.1 serverPort:8848 serverGrpcPort:9848}
2024-05-09T01:08:32.046+0800	INFO	util/common.go:96	Local IP:192.168.10.10
2024-05-09T01:08:32.046+0800	WARN	rpc/rpc_client.go:226	[RpcClient.Start] config-0-546b332f-5d19-4526-ade3-bf1c80457109 fail to connect to server on start up, error message=server check request failed , err:rpc error: code = Unavailable desc = connection error: desc = "transport: Error while dialing: dial tcp 127.0.0.1:9848: connect: connection refused", start up retry times left=2
2024-05-09T01:08:32.046+0800	INFO	rpc/rpc_client.go:224	[RpcClient.Start] config-0-546b332f-5d19-4526-ade3-bf1c80457109 try to connect to server on start up, server: {serverIp:127.0.0.1 serverPort:8848 serverGrpcPort:9848}
2024-05-09T01:08:32.046+0800	WARN	rpc/rpc_client.go:226	[RpcClient.Start] config-0-546b332f-5d19-4526-ade3-bf1c80457109 fail to connect to server on start up, error message=server check request failed , err:rpc error: code = Unavailable desc = connection error: desc = "transport: Error while dialing: dial tcp 127.0.0.1:9848: connect: connection refused", start up retry times left=1
2024-05-09T01:08:32.047+0800	INFO	rpc/rpc_client.go:224	[RpcClient.Start] config-0-546b332f-5d19-4526-ade3-bf1c80457109 try to connect to server on start up, server: {serverIp:127.0.0.1 serverPort:8848 serverGrpcPort:9848}
2024-05-09T01:08:32.047+0800	WARN	rpc/rpc_client.go:226	[RpcClient.Start] config-0-546b332f-5d19-4526-ade3-bf1c80457109 fail to connect to server on start up, error message=server check request failed , err:rpc error: code = Unavailable desc = connection error: desc = "transport: Error while dialing: dial tcp 127.0.0.1:9848: connect: connection refused", start up retry times left=0
2024-05-09T01:08:32.047+0800	ERROR	rpc/rpc_client.go:525	Send request fail, request=ConfigQueryRequest, body={"requestId":"","group":"dev","dataId":"user-web","tenant":"b85db2f6-38e9-4f72-92e0-deaff56362d9","module":"config","tag":""}, retryTimes=0, error=client not connected, current status:STARTING
github.com/nacos-group/nacos-sdk-go/v2/common/remote/rpc.(*RpcClient).Request
	/home/chenshone/go/pkg/mod/github.com/nacos-group/nacos-sdk-go/v2@v2.2.5/common/remote/rpc/rpc_client.go:487
github.com/nacos-group/nacos-sdk-go/v2/clients/config_client.(*ConfigProxy).requestProxy
	/home/chenshone/go/pkg/mod/github.com/nacos-group/nacos-sdk-go/v2@v2.2.5/clients/config_client/config_proxy.go:64
github.com/nacos-group/nacos-sdk-go/v2/clients/config_client.(*ConfigProxy).queryConfig
	/home/chenshone/go/pkg/mod/github.com/nacos-group/nacos-sdk-go/v2@v2.2.5/clients/config_client/config_proxy.go:116
github.com/nacos-group/nacos-sdk-go/v2/clients/config_client.(*ConfigClient).getConfigInner
	/home/chenshone/go/pkg/mod/github.com/nacos-group/nacos-sdk-go/v2@v2.2.5/clients/config_client/config_client.go:192
github.com/nacos-group/nacos-sdk-go/v2/clients/config_client.(*ConfigClient).GetConfig
	/home/chenshone/go/pkg/mod/github.com/nacos-group/nacos-sdk-go/v2@v2.2.5/clients/config_client/config_client.go:160
star_mall_api/user-web/initialize.InitConfig
	/home/chenshone/stu/star_mall/backend/user-web/initialize/config.go:77
main.main
	/home/chenshone/stu/star_mall/backend/user-web/main.go:21
runtime.main
	/usr/local/go/src/runtime/proc.go:267
runtime.goexit
	/usr/local/go/src/runtime/asm_amd64.s:1650
2024-05-09T01:08:32.047+0800	INFO	rpc/rpc_client.go:322	config-0-546b332f-5d19-4526-ade3-bf1c80457109 try to re connect to a new server, server is not appointed, will choose a random server.
2024-05-09T01:08:32.048+0800	WARN	rpc/rpc_client.go:353	config-0-546b332f-5d19-4526-ade3-bf1c80457109 fail to connect server, after trying 1 times, last try server is {serverIp:127.0.0.1 serverPort:8848 serverGrpcPort:9848}, error=server check request failed , err:rpc error: code = Unavailable desc = connection error: desc = "transport: Error while dialing: dial tcp 127.0.0.1:9848: connect: connection refused"
2024-05-09T01:08:32.148+0800	ERROR	rpc/rpc_client.go:525	Send request fail, request=ConfigQueryRequest, body={"requestId":"","group":"dev","dataId":"user-web","tenant":"b85db2f6-38e9-4f72-92e0-deaff56362d9","module":"config","tag":""}, retryTimes=1, error=client not connected, current status:STARTING
github.com/nacos-group/nacos-sdk-go/v2/common/remote/rpc.(*RpcClient).Request
	/home/chenshone/go/pkg/mod/github.com/nacos-group/nacos-sdk-go/v2@v2.2.5/common/remote/rpc/rpc_client.go:487
github.com/nacos-group/nacos-sdk-go/v2/clients/config_client.(*ConfigProxy).requestProxy
	/home/chenshone/go/pkg/mod/github.com/nacos-group/nacos-sdk-go/v2@v2.2.5/clients/config_client/config_proxy.go:64
github.com/nacos-group/nacos-sdk-go/v2/clients/config_client.(*ConfigProxy).queryConfig
	/home/chenshone/go/pkg/mod/github.com/nacos-group/nacos-sdk-go/v2@v2.2.5/clients/config_client/config_proxy.go:116
github.com/nacos-group/nacos-sdk-go/v2/clients/config_client.(*ConfigClient).getConfigInner
	/home/chenshone/go/pkg/mod/github.com/nacos-group/nacos-sdk-go/v2@v2.2.5/clients/config_client/config_client.go:192
github.com/nacos-group/nacos-sdk-go/v2/clients/config_client.(*ConfigClient).GetConfig
	/home/chenshone/go/pkg/mod/github.com/nacos-group/nacos-sdk-go/v2@v2.2.5/clients/config_client/config_client.go:160
star_mall_api/user-web/initialize.InitConfig
	/home/chenshone/stu/star_mall/backend/user-web/initialize/config.go:77
main.main
	/home/chenshone/stu/star_mall/backend/user-web/main.go:21
runtime.main
	/usr/local/go/src/runtime/proc.go:267
runtime.goexit
	/usr/local/go/src/runtime/asm_amd64.s:1650
2024-05-09T01:08:32.150+0800	WARN	rpc/rpc_client.go:353	config-0-546b332f-5d19-4526-ade3-bf1c80457109 fail to connect server, after trying 2 times, last try server is {serverIp:127.0.0.1 serverPort:8848 serverGrpcPort:9848}, error=server check request failed , err:rpc error: code = Unavailable desc = connection error: desc = "transport: Error while dialing: dial tcp 127.0.0.1:9848: connect: connection refused"
2024-05-09T01:08:32.249+0800	ERROR	rpc/rpc_client.go:525	Send request fail, request=ConfigQueryRequest, body={"requestId":"","group":"dev","dataId":"user-web","tenant":"b85db2f6-38e9-4f72-92e0-deaff56362d9","module":"config","tag":""}, retryTimes=2, error=client not connected, current status:STARTING
github.com/nacos-group/nacos-sdk-go/v2/common/remote/rpc.(*RpcClient).Request
	/home/chenshone/go/pkg/mod/github.com/nacos-group/nacos-sdk-go/v2@v2.2.5/common/remote/rpc/rpc_client.go:487
github.com/nacos-group/nacos-sdk-go/v2/clients/config_client.(*ConfigProxy).requestProxy
	/home/chenshone/go/pkg/mod/github.com/nacos-group/nacos-sdk-go/v2@v2.2.5/clients/config_client/config_proxy.go:64
github.com/nacos-group/nacos-sdk-go/v2/clients/config_client.(*ConfigProxy).queryConfig
	/home/chenshone/go/pkg/mod/github.com/nacos-group/nacos-sdk-go/v2@v2.2.5/clients/config_client/config_proxy.go:116
github.com/nacos-group/nacos-sdk-go/v2/clients/config_client.(*ConfigClient).getConfigInner
	/home/chenshone/go/pkg/mod/github.com/nacos-group/nacos-sdk-go/v2@v2.2.5/clients/config_client/config_client.go:192
github.com/nacos-group/nacos-sdk-go/v2/clients/config_client.(*ConfigClient).GetConfig
	/home/chenshone/go/pkg/mod/github.com/nacos-group/nacos-sdk-go/v2@v2.2.5/clients/config_client/config_client.go:160
star_mall_api/user-web/initialize.InitConfig
	/home/chenshone/stu/star_mall/backend/user-web/initialize/config.go:77
main.main
	/home/chenshone/stu/star_mall/backend/user-web/main.go:21
runtime.main
	/usr/local/go/src/runtime/proc.go:267
runtime.goexit
	/usr/local/go/src/runtime/asm_amd64.s:1650
2024-05-09T01:08:32.349+0800	ERROR	config_client/config_client.go:195	get config from server error:client not connected, current status:STARTING, dataId=user-web, group=dev, namespaceId=b85db2f6-38e9-4f72-92e0-deaff56362d9
2024-05-09T01:09:04.606+0800	ERROR	cache/disk_cache.go:193	read Config Content failed. cause file doesn't exist, file path: /home/chenshone/stu/star_mall/backend/temp/nacos/cache/config/user-web@@dev@@b85db2f6-38e9-4f72-92e0-deaff56362d9_failover.
2024-05-09T01:09:04.606+0800	DEBUG	rpc/rpc_client.go:290	config-0-da7e17f1-971c-4004-9380-b87f620fe092 register server push request:ConfigChangeNotifyRequest handler:ConfigChangeNotifyRequestHandler
2024-05-09T01:09:04.606+0800	DEBUG	rpc/rpc_client.go:290	config-0-da7e17f1-971c-4004-9380-b87f620fe092 register server push request:ConnectResetRequest handler:ConnectResetRequestHandler
2024-05-09T01:09:04.606+0800	DEBUG	rpc/rpc_client.go:290	config-0-da7e17f1-971c-4004-9380-b87f620fe092 register server push request:ClientDetectionRequest handler:ClientDetectionRequestHandler
2024-05-09T01:09:04.606+0800	INFO	rpc/rpc_client.go:224	[RpcClient.Start] config-0-da7e17f1-971c-4004-9380-b87f620fe092 try to connect to server on start up, server: {serverIp:localhost serverPort:8848 serverGrpcPort:9848}
2024-05-09T01:09:04.628+0800	INFO	util/common.go:96	Local IP:192.168.10.10
2024-05-09T01:09:04.628+0800	WARN	rpc/rpc_client.go:226	[RpcClient.Start] config-0-da7e17f1-971c-4004-9380-b87f620fe092 fail to connect to server on start up, error message=server check request failed , err:rpc error: code = Unavailable desc = connection error: desc = "transport: Error while dialing: dial tcp 127.0.0.1:9848: connect: connection refused", start up retry times left=2
2024-05-09T01:09:04.628+0800	INFO	rpc/rpc_client.go:224	[RpcClient.Start] config-0-da7e17f1-971c-4004-9380-b87f620fe092 try to connect to server on start up, server: {serverIp:localhost serverPort:8848 serverGrpcPort:9848}
2024-05-09T01:09:04.628+0800	WARN	rpc/rpc_client.go:226	[RpcClient.Start] config-0-da7e17f1-971c-4004-9380-b87f620fe092 fail to connect to server on start up, error message=server check request failed , err:rpc error: code = Unavailable desc = connection error: desc = "transport: Error while dialing: dial tcp 127.0.0.1:9848: connect: connection refused", start up retry times left=1
2024-05-09T01:09:04.628+0800	INFO	rpc/rpc_client.go:224	[RpcClient.Start] config-0-da7e17f1-971c-4004-9380-b87f620fe092 try to connect to server on start up, server: {serverIp:localhost serverPort:8848 serverGrpcPort:9848}
2024-05-09T01:09:04.629+0800	WARN	rpc/rpc_client.go:226	[RpcClient.Start] config-0-da7e17f1-971c-4004-9380-b87f620fe092 fail to connect to server on start up, error message=server check request failed , err:rpc error: code = Unavailable desc = connection error: desc = "transport: Error while dialing: dial tcp 127.0.0.1:9848: connect: connection refused", start up retry times left=0
2024-05-09T01:09:04.629+0800	ERROR	rpc/rpc_client.go:525	Send request fail, request=ConfigQueryRequest, body={"requestId":"","group":"dev","dataId":"user-web","tenant":"b85db2f6-38e9-4f72-92e0-deaff56362d9","module":"config","tag":""}, retryTimes=0, error=client not connected, current status:STARTING
github.com/nacos-group/nacos-sdk-go/v2/common/remote/rpc.(*RpcClient).Request
	/home/chenshone/go/pkg/mod/github.com/nacos-group/nacos-sdk-go/v2@v2.2.5/common/remote/rpc/rpc_client.go:487
github.com/nacos-group/nacos-sdk-go/v2/clients/config_client.(*ConfigProxy).requestProxy
	/home/chenshone/go/pkg/mod/github.com/nacos-group/nacos-sdk-go/v2@v2.2.5/clients/config_client/config_proxy.go:64
github.com/nacos-group/nacos-sdk-go/v2/clients/config_client.(*ConfigProxy).queryConfig
	/home/chenshone/go/pkg/mod/github.com/nacos-group/nacos-sdk-go/v2@v2.2.5/clients/config_client/config_proxy.go:116
github.com/nacos-group/nacos-sdk-go/v2/clients/config_client.(*ConfigClient).getConfigInner
	/home/chenshone/go/pkg/mod/github.com/nacos-group/nacos-sdk-go/v2@v2.2.5/clients/config_client/config_client.go:192
github.com/nacos-group/nacos-sdk-go/v2/clients/config_client.(*ConfigClient).GetConfig
	/home/chenshone/go/pkg/mod/github.com/nacos-group/nacos-sdk-go/v2@v2.2.5/clients/config_client/config_client.go:160
star_mall_api/user-web/initialize.InitConfig
	/home/chenshone/stu/star_mall/backend/user-web/initialize/config.go:74
main.main
	/home/chenshone/stu/star_mall/backend/user-web/main.go:21
runtime.main
	/usr/local/go/src/runtime/proc.go:267
runtime.goexit
	/usr/local/go/src/runtime/asm_amd64.s:1650
2024-05-09T01:09:04.629+0800	INFO	rpc/rpc_client.go:322	config-0-da7e17f1-971c-4004-9380-b87f620fe092 try to re connect to a new server, server is not appointed, will choose a random server.
2024-05-09T01:09:04.630+0800	WARN	rpc/rpc_client.go:353	config-0-da7e17f1-971c-4004-9380-b87f620fe092 fail to connect server, after trying 1 times, last try server is {serverIp:localhost serverPort:8848 serverGrpcPort:9848}, error=server check request failed , err:rpc error: code = Unavailable desc = connection error: desc = "transport: Error while dialing: dial tcp 127.0.0.1:9848: connect: connection refused"
2024-05-09T01:09:04.730+0800	ERROR	rpc/rpc_client.go:525	Send request fail, request=ConfigQueryRequest, body={"requestId":"","group":"dev","dataId":"user-web","tenant":"b85db2f6-38e9-4f72-92e0-deaff56362d9","module":"config","tag":""}, retryTimes=1, error=client not connected, current status:STARTING
github.com/nacos-group/nacos-sdk-go/v2/common/remote/rpc.(*RpcClient).Request
	/home/chenshone/go/pkg/mod/github.com/nacos-group/nacos-sdk-go/v2@v2.2.5/common/remote/rpc/rpc_client.go:487
github.com/nacos-group/nacos-sdk-go/v2/clients/config_client.(*ConfigProxy).requestProxy
	/home/chenshone/go/pkg/mod/github.com/nacos-group/nacos-sdk-go/v2@v2.2.5/clients/config_client/config_proxy.go:64
github.com/nacos-group/nacos-sdk-go/v2/clients/config_client.(*ConfigProxy).queryConfig
	/home/chenshone/go/pkg/mod/github.com/nacos-group/nacos-sdk-go/v2@v2.2.5/clients/config_client/config_proxy.go:116
github.com/nacos-group/nacos-sdk-go/v2/clients/config_client.(*ConfigClient).getConfigInner
	/home/chenshone/go/pkg/mod/github.com/nacos-group/nacos-sdk-go/v2@v2.2.5/clients/config_client/config_client.go:192
github.com/nacos-group/nacos-sdk-go/v2/clients/config_client.(*ConfigClient).GetConfig
	/home/chenshone/go/pkg/mod/github.com/nacos-group/nacos-sdk-go/v2@v2.2.5/clients/config_client/config_client.go:160
star_mall_api/user-web/initialize.InitConfig
	/home/chenshone/stu/star_mall/backend/user-web/initialize/config.go:74
main.main
	/home/chenshone/stu/star_mall/backend/user-web/main.go:21
runtime.main
	/usr/local/go/src/runtime/proc.go:267
runtime.goexit
	/usr/local/go/src/runtime/asm_amd64.s:1650
2024-05-09T01:09:04.731+0800	WARN	rpc/rpc_client.go:353	config-0-da7e17f1-971c-4004-9380-b87f620fe092 fail to connect server, after trying 2 times, last try server is {serverIp:localhost serverPort:8848 serverGrpcPort:9848}, error=server check request failed , err:rpc error: code = Unavailable desc = connection error: desc = "transport: Error while dialing: dial tcp 127.0.0.1:9848: connect: connection refused"
2024-05-09T01:09:04.831+0800	ERROR	rpc/rpc_client.go:525	Send request fail, request=ConfigQueryRequest, body={"requestId":"","group":"dev","dataId":"user-web","tenant":"b85db2f6-38e9-4f72-92e0-deaff56362d9","module":"config","tag":""}, retryTimes=2, error=client not connected, current status:STARTING
github.com/nacos-group/nacos-sdk-go/v2/common/remote/rpc.(*RpcClient).Request
	/home/chenshone/go/pkg/mod/github.com/nacos-group/nacos-sdk-go/v2@v2.2.5/common/remote/rpc/rpc_client.go:487
github.com/nacos-group/nacos-sdk-go/v2/clients/config_client.(*ConfigProxy).requestProxy
	/home/chenshone/go/pkg/mod/github.com/nacos-group/nacos-sdk-go/v2@v2.2.5/clients/config_client/config_proxy.go:64
github.com/nacos-group/nacos-sdk-go/v2/clients/config_client.(*ConfigProxy).queryConfig
	/home/chenshone/go/pkg/mod/github.com/nacos-group/nacos-sdk-go/v2@v2.2.5/clients/config_client/config_proxy.go:116
github.com/nacos-group/nacos-sdk-go/v2/clients/config_client.(*ConfigClient).getConfigInner
	/home/chenshone/go/pkg/mod/github.com/nacos-group/nacos-sdk-go/v2@v2.2.5/clients/config_client/config_client.go:192
github.com/nacos-group/nacos-sdk-go/v2/clients/config_client.(*ConfigClient).GetConfig
	/home/chenshone/go/pkg/mod/github.com/nacos-group/nacos-sdk-go/v2@v2.2.5/clients/config_client/config_client.go:160
star_mall_api/user-web/initialize.InitConfig
	/home/chenshone/stu/star_mall/backend/user-web/initialize/config.go:74
main.main
	/home/chenshone/stu/star_mall/backend/user-web/main.go:21
runtime.main
	/usr/local/go/src/runtime/proc.go:267
runtime.goexit
	/usr/local/go/src/runtime/asm_amd64.s:1650
2024-05-09T01:09:04.931+0800	ERROR	config_client/config_client.go:195	get config from server error:client not connected, current status:STARTING, dataId=user-web, group=dev, namespaceId=b85db2f6-38e9-4f72-92e0-deaff56362d9
